DiagnosticsPlugin.exe Information: 0 : [3/30/2020 8:33:00 AM] Starting DiagnosticPlugin.exe DiagnosticPlugin-ShutdownEvent DiagnosticPlugin-TotalShutdownEvent -wadVer1v5
DiagnosticsPlugin.exe Error: 0 : [3/30/2020 8:33:02 AM] Failed to save IIS Directory state
DiagnosticsPlugin.exe Error: 0 : [3/30/2020 8:33:02 AM] System.UnauthorizedAccessException: Filename: redirection.config
Error: Cannot read configuration file due to insufficient permissions


   at Microsoft.Web.Administration.Interop.IAppHostAdminManager.GetAdminSection(String bstrSectionName, String bstrPath)
   at Microsoft.Web.Administration.Configuration.GetSectionInternal(ConfigurationSection section, String sectionPath, String locationPath)
   at Microsoft.Web.Administration.ServerManager.SitesSectionCreator()
   at Microsoft.Web.Administration.Lazy.Initialize[T](T& target, CreateInstanceDelegate`1 valueFactory)
   at Microsoft.Web.Administration.ServerManager.SitesCollectionCreator()
   at Microsoft.Web.Administration.Lazy.Initialize[T](T& target, CreateInstanceDelegate`1 valueFactory)
   at Microsoft.Azure.Plugins.Plugin.DiagnosticsPluginManager.SaveIISDirectoryState()
DiagnosticsPlugin.exe Information: 0 : [3/30/2020 8:33:03 AM] Starting DiagnosticsPlugin
DiagnosticsPlugin.exe Information: 0 : [3/30/2020 8:33:03 AM] Emulator config file set to C:\Users\johngorter\source\repos\AzureCloudService5\csx\Debug\roles\WorkerRole1\approot\diagnostics.wadcfgx
DiagnosticsPlugin.exe Information: 0 : [3/30/2020 8:33:03 AM] DiagnosticsStoreRootPath set to: C:\Users\johngorter\AppData\Local\dftmp\Resources\19c457a4-0b5b-4e55-9a1c-061be3bb2abe
DiagnosticsPlugin.exe Information: 0 : [3/30/2020 8:33:03 AM] Loading config file: C:\Users\johngorter\source\repos\AzureCloudService5\csx\Debug\roles\WorkerRole1\approot\diagnostics.wadcfgx
DiagnosticsPlugin.exe Information: 0 : [3/30/2020 8:33:03 AM] Config file to read: C:\Users\johngorter\source\repos\AzureCloudService5\csx\Debug\roles\WorkerRole1\approot\diagnostics.wadcfgx
DiagnosticsPlugin.exe Information: 0 : [3/30/2020 8:33:03 AM] Checking VM Type
DiagnosticsPlugin.exe Information: 0 : [3/30/2020 8:33:03 AM] Emulator config file set to C:\Users\johngorter\source\repos\AzureCloudService5\csx\Debug\roles\WorkerRole1\approot\diagnostics.wadcfgx
DiagnosticsPlugin.exe Information: 0 : [3/30/2020 8:33:03 AM] Extension set to Emulator Mode
DiagnosticsPlugin.exe Information: 0 : [3/30/2020 8:33:03 AM] Reading XML configuration file
DiagnosticsPlugin.exe Information: 0 : [3/30/2020 8:33:03 AM] Bypassing private config decryption
DiagnosticsPlugin.exe Information: 0 : [3/30/2020 8:33:03 AM] WadCfg is provided in initial configuration. Using that to initialize Diagnostics.
DiagnosticsPlugin.exe Information: 0 : [3/30/2020 8:33:03 AM] <PublicConfig xmlns="http://schemas.microsoft.com/ServiceHosting/2010/10/DiagnosticsConfiguration">
  <WadCfg>
    <DiagnosticMonitorConfiguration overallQuotaInMB="4096">
      <DiagnosticInfrastructureLogs scheduledTransferLogLevelFilter="Error" />
      <Logs scheduledTransferPeriod="PT1M" scheduledTransferLogLevelFilter="Error" />
      <Directories scheduledTransferPeriod="PT1M">
        <IISLogs containerName="wad-iis-logfiles" />
        <FailedRequestLogs containerName="wad-failedrequestlogs" />
      </Directories>
      <WindowsEventLog scheduledTransferPeriod="PT1M">
        <DataSource name="Application!*[System[(Level=1 or Level=2 or Level=3)]]" />
        <DataSource name="Windows Azure!*[System[(Level=1 or Level=2 or Level=3 or Level=4)]]" />
      </WindowsEventLog>
      <CrashDumps containerName="wad-crashdumps" dumpType="Mini">
        <CrashDumpConfiguration processName="WaIISHost.exe" />
        <CrashDumpConfiguration processName="WaWorkerHost.exe" />
        <CrashDumpConfiguration processName="w3wp.exe" />
      </CrashDumps>
      <PerformanceCounters scheduledTransferPeriod="PT1M">
        <PerformanceCounterConfiguration counterSpecifier="\Memory\Available MBytes" sampleRate="PT3M" />
        <PerformanceCounterConfiguration counterSpecifier="\Web Service(_Total)\ISAPI Extension Requests/sec" sampleRate="PT3M" />
        <PerformanceCounterConfiguration counterSpecifier="\Web Service(_Total)\Bytes Total/Sec" sampleRate="PT3M" />
        <PerformanceCounterConfiguration counterSpecifier="\ASP.NET Applications(__Total__)\Requests/Sec" sampleRate="PT3M" />
        <PerformanceCounterConfiguration counterSpecifier="\ASP.NET Applications(__Total__)\Errors Total/Sec" sampleRate="PT3M" />
        <PerformanceCounterConfiguration counterSpecifier="\ASP.NET\Requests Queued" sampleRate="PT3M" />
        <PerformanceCounterConfiguration counterSpecifier="\ASP.NET\Requests Rejected" sampleRate="PT3M" />
        <PerformanceCounterConfiguration counterSpecifier="\Processor(_Total)\% Processor Time" sampleRate="PT3M" />
      </PerformanceCounters>
    </DiagnosticMonitorConfiguration>
  </WadCfg>
  <StorageAccount>devstoreaccount1</StorageAccount>
</PublicConfig>
DiagnosticsPlugin.exe Information: 0 : [3/30/2020 8:33:03 AM] Private setting is loaded
DiagnosticsPlugin.exe Information: 0 : [3/30/2020 8:33:03 AM] Is config json/xml loaded
DiagnosticsPlugin.exe Information: 0 : [3/30/2020 8:33:03 AM] Checking if configuration needs to be fetched from the storage account and doing so if needed.
DiagnosticsPlugin.exe Information: 0 : [3/30/2020 8:33:12 AM] Successfully created checkpoint file C:\Users\johngorter\AppData\Local\dftmp\Resources\19c457a4-0b5b-4e55-9a1c-061be3bb2abe\WAD0105\Configuration\Checkpoint.txt
DiagnosticsPlugin.exe Information: 0 : [3/30/2020 8:33:13 AM] Will use local resource directory C:\Users\johngorter\AppData\Local\dftmp\Resources\19c457a4-0b5b-4e55-9a1c-061be3bb2abe\WAD0105
DiagnosticsPlugin.exe Information: 0 : [3/30/2020 8:33:13 AM] Will use endpoint https://core.windows.net for storage.
DiagnosticsPlugin.exe Information: 0 : [3/30/2020 8:33:17 AM] Exception in creating the ServerManager; is IIS installed?
 Error:System.UnauthorizedAccessException: Filename: redirection.config
Error: Cannot read configuration file due to insufficient permissions


   at Microsoft.Web.Administration.Interop.IAppHostAdminManager.GetAdminSection(String bstrSectionName, String bstrPath)
   at Microsoft.Web.Administration.Configuration.GetSectionInternal(ConfigurationSection section, String sectionPath, String locationPath)
   at Microsoft.Web.Administration.ServerManager.SitesSectionCreator()
   at Microsoft.Web.Administration.Lazy.Initialize[T](T& target, CreateInstanceDelegate`1 valueFactory)
   at Microsoft.Web.Administration.ServerManager.SitesCollectionCreator()
   at Microsoft.Web.Administration.Lazy.Initialize[T](T& target, CreateInstanceDelegate`1 valueFactory)
   at Microsoft.Azure.Plugins.Plugin.WadConfigProcessor.AddDirectories(EventsType mdsEvents, Directories wadDirectories)
DiagnosticsPlugin.exe Information: 0 : [3/30/2020 8:33:17 AM] Running in emulator mode, crash dumps not enabled
DiagnosticsPlugin.exe Information: 0 : [3/30/2020 8:33:17 AM] Checking to see if Application Insights extension needs to be configured.
DiagnosticsPlugin.exe Information: 0 : [3/30/2020 8:33:19 AM] In emulator mode and using devstore updating XStoreAccount info, command line args: -LocalPath "C:\Users\johngorter\AppData\Local\dftmp\Resources\19c457a4-0b5b-4e55-9a1c-061be3bb2abe\WAD0105"  -ConfigFile "C:\Users\johngorter\AppData\Local\dftmp\Resources\19c457a4-0b5b-4e55-9a1c-061be3bb2abe\WAD0105\Configuration\MaConfig.xml" -ShutDownEvent WADDM-ShutDown-246fb48a917746629c8b57187cd1c651  -TotalShutDownEvent WADDM-TotalShutDown-246fb48a917746629c8b57187cd1c651 -InitializedEvent WADM-StartUp-246fb48a917746629c8b57187cd1c651 -parent 11056 -events -wadVer1v5 -UseProxyServer -XStoreAccounts WadAccount#true#devstoreaccount1#Eby8vdM02xNOcqFlqUwJPLlmEtlCDXJ1OUzFT50uSRZ6IFsuFq2UVErCz4I6tq/K1SZFPTOtr/KBHBeksoGMGw==#http://127.0.0.1:10002#http://127.0.0.1:10001#http://127.0.0.1:10000
DiagnosticsPlugin.exe Error: 0 : [3/30/2020 8:33:52 AM] Microsoft.Cis.Monitoring.Query.QueryException: ErrorFail
   at Microsoft.Cis.Monitoring.Query.QueryLocalTable..ctor(String TableName, String TablePath)
   at ApplicationInsightsExtension.MATableReader.ReadTableRecords(String tableName, String tablePath, DateTime startTime, DateTime endTime)
   at Microsoft.Azure.Plugins.Diagnostics.dll.MAStatusWriter.UpdateStatusReport(Object sender, ElapsedEventArgs e)
DiagnosticsPlugin.exe Information: 0 : [3/30/2020 8:34:19 AM] MonAgentHost.exe started
DiagnosticsPlugin.exe Information: 0 : [3/30/2020 8:34:19 AM] DiagnoticsPlugin started.
DiagnosticsPlugin.exe Information: 0 : [3/30/2020 8:34:19 AM] DiagnoticsPlugin now waiting on events "DiagnosticPlugin-ShutdownEvent", "DiagnosticPlugin-TotalShutdownEvent" or "DiagnosticPlugin-RestartEvent".
DiagnosticsPlugin.exe Error: 0 : [3/30/2020 8:34:20 AM] Microsoft.Cis.Monitoring.Query.QueryException: ErrorFail
   at Microsoft.Cis.Monitoring.Query.QueryLocalTable..ctor(String TableName, String TablePath)
   at ApplicationInsightsExtension.MATableReader.ReadTableRecords(String tableName, String tablePath, DateTime startTime, DateTime endTime)
   at Microsoft.Azure.Plugins.Diagnostics.dll.MAStatusWriter.UpdateStatusReport(Object sender, ElapsedEventArgs e)
DiagnosticsPlugin.exe Error: 0 : [3/30/2020 8:34:50 AM] Microsoft.Cis.Monitoring.Query.QueryException: ErrorFail
   at Microsoft.Cis.Monitoring.Query.QueryLocalTable..ctor(String TableName, String TablePath)
   at ApplicationInsightsExtension.MATableReader.ReadTableRecords(String tableName, String tablePath, DateTime startTime, DateTime endTime)
   at Microsoft.Azure.Plugins.Diagnostics.dll.MAStatusWriter.UpdateStatusReport(Object sender, ElapsedEventArgs e)
DiagnosticsPlugin.exe Information: 0 : [3/30/2020 8:35:03 AM] Failed to update IIS Directory state in directory monitor
Filename: redirection.config
Error: Cannot read configuration file due to insufficient permissions


DiagnosticsPlugin.exe Error: 0 : [3/30/2020 8:35:20 AM] Microsoft.Cis.Monitoring.Query.QueryException: ErrorFail
   at Microsoft.Cis.Monitoring.Query.QueryLocalTable..ctor(String TableName, String TablePath)
   at ApplicationInsightsExtension.MATableReader.ReadTableRecords(String tableName, String tablePath, DateTime startTime, DateTime endTime)
   at Microsoft.Azure.Plugins.Diagnostics.dll.MAStatusWriter.UpdateStatusReport(Object sender, ElapsedEventArgs e)
DiagnosticsPlugin.exe Error: 0 : [3/30/2020 8:35:50 AM] Microsoft.Cis.Monitoring.Query.QueryException: ErrorFail
   at Microsoft.Cis.Monitoring.Query.QueryLocalTable..ctor(String TableName, String TablePath)
   at ApplicationInsightsExtension.MATableReader.ReadTableRecords(String tableName, String tablePath, DateTime startTime, DateTime endTime)
   at Microsoft.Azure.Plugins.Diagnostics.dll.MAStatusWriter.UpdateStatusReport(Object sender, ElapsedEventArgs e)
DiagnosticsPlugin.exe Error: 0 : [3/30/2020 8:36:20 AM] Microsoft.Cis.Monitoring.Query.QueryException: ErrorFail
   at Microsoft.Cis.Monitoring.Query.QueryLocalTable..ctor(String TableName, String TablePath)
   at ApplicationInsightsExtension.MATableReader.ReadTableRecords(String tableName, String tablePath, DateTime startTime, DateTime endTime)
   at Microsoft.Azure.Plugins.Diagnostics.dll.MAStatusWriter.UpdateStatusReport(Object sender, ElapsedEventArgs e)
DiagnosticsPlugin.exe Error: 0 : [3/30/2020 8:36:50 AM] Microsoft.Cis.Monitoring.Query.QueryException: ErrorFail
   at Microsoft.Cis.Monitoring.Query.QueryLocalTable..ctor(String TableName, String TablePath)
   at ApplicationInsightsExtension.MATableReader.ReadTableRecords(String tableName, String tablePath, DateTime startTime, DateTime endTime)
   at Microsoft.Azure.Plugins.Diagnostics.dll.MAStatusWriter.UpdateStatusReport(Object sender, ElapsedEventArgs e)
DiagnosticsPlugin.exe Error: 0 : [3/30/2020 8:37:25 AM] Microsoft.Cis.Monitoring.Query.QueryException: ErrorFail
   at Microsoft.Cis.Monitoring.Query.QueryLocalTable..ctor(String TableName, String TablePath)
   at ApplicationInsightsExtension.MATableReader.ReadTableRecords(String tableName, String tablePath, DateTime startTime, DateTime endTime)
   at Microsoft.Azure.Plugins.Diagnostics.dll.MAStatusWriter.UpdateStatusReport(Object sender, ElapsedEventArgs e)
DiagnosticsPlugin.exe Error: 0 : [3/30/2020 8:37:52 AM] Microsoft.Cis.Monitoring.Query.QueryException: ErrorFail
   at Microsoft.Cis.Monitoring.Query.QueryLocalTable..ctor(String TableName, String TablePath)
   at ApplicationInsightsExtension.MATableReader.ReadTableRecords(String tableName, String tablePath, DateTime startTime, DateTime endTime)
   at Microsoft.Azure.Plugins.Diagnostics.dll.MAStatusWriter.UpdateStatusReport(Object sender, ElapsedEventArgs e)
DiagnosticsPlugin.exe Error: 0 : [3/30/2020 8:38:21 AM] Microsoft.Cis.Monitoring.Query.QueryException: ErrorFail
   at Microsoft.Cis.Monitoring.Query.QueryLocalTable..ctor(String TableName, String TablePath)
   at ApplicationInsightsExtension.MATableReader.ReadTableRecords(String tableName, String tablePath, DateTime startTime, DateTime endTime)
   at Microsoft.Azure.Plugins.Diagnostics.dll.MAStatusWriter.UpdateStatusReport(Object sender, ElapsedEventArgs e)
DiagnosticsPlugin.exe Error: 0 : [3/30/2020 8:38:51 AM] Microsoft.Cis.Monitoring.Query.QueryException: ErrorFail
   at Microsoft.Cis.Monitoring.Query.QueryLocalTable..ctor(String TableName, String TablePath)
   at ApplicationInsightsExtension.MATableReader.ReadTableRecords(String tableName, String tablePath, DateTime startTime, DateTime endTime)
   at Microsoft.Azure.Plugins.Diagnostics.dll.MAStatusWriter.UpdateStatusReport(Object sender, ElapsedEventArgs e)
DiagnosticsPlugin.exe Error: 0 : [3/30/2020 8:39:21 AM] Microsoft.Cis.Monitoring.Query.QueryException: ErrorFail
   at Microsoft.Cis.Monitoring.Query.QueryLocalTable..ctor(String TableName, String TablePath)
   at ApplicationInsightsExtension.MATableReader.ReadTableRecords(String tableName, String tablePath, DateTime startTime, DateTime endTime)
   at Microsoft.Azure.Plugins.Diagnostics.dll.MAStatusWriter.UpdateStatusReport(Object sender, ElapsedEventArgs e)
DiagnosticsPlugin.exe Error: 0 : [3/30/2020 8:39:51 AM] Microsoft.Cis.Monitoring.Query.QueryException: ErrorFail
   at Microsoft.Cis.Monitoring.Query.QueryLocalTable..ctor(String TableName, String TablePath)
   at ApplicationInsightsExtension.MATableReader.ReadTableRecords(String tableName, String tablePath, DateTime startTime, DateTime endTime)
   at Microsoft.Azure.Plugins.Diagnostics.dll.MAStatusWriter.UpdateStatusReport(Object sender, ElapsedEventArgs e)
DiagnosticsPlugin.exe Error: 0 : [3/30/2020 8:40:21 AM] Microsoft.Cis.Monitoring.Query.QueryException: ErrorFail
   at Microsoft.Cis.Monitoring.Query.QueryLocalTable..ctor(String TableName, String TablePath)
   at ApplicationInsightsExtension.MATableReader.ReadTableRecords(String tableName, String tablePath, DateTime startTime, DateTime endTime)
   at Microsoft.Azure.Plugins.Diagnostics.dll.MAStatusWriter.UpdateStatusReport(Object sender, ElapsedEventArgs e)
DiagnosticsPlugin.exe Error: 0 : [3/30/2020 8:40:51 AM] Microsoft.Cis.Monitoring.Query.QueryException: ErrorFail
   at Microsoft.Cis.Monitoring.Query.QueryLocalTable..ctor(String TableName, String TablePath)
   at ApplicationInsightsExtension.MATableReader.ReadTableRecords(String tableName, String tablePath, DateTime startTime, DateTime endTime)
   at Microsoft.Azure.Plugins.Diagnostics.dll.MAStatusWriter.UpdateStatusReport(Object sender, ElapsedEventArgs e)
DiagnosticsPlugin.exe Error: 0 : [3/30/2020 8:41:21 AM] Microsoft.Cis.Monitoring.Query.QueryException: ErrorFail
   at Microsoft.Cis.Monitoring.Query.QueryLocalTable..ctor(String TableName, String TablePath)
   at ApplicationInsightsExtension.MATableReader.ReadTableRecords(String tableName, String tablePath, DateTime startTime, DateTime endTime)
   at Microsoft.Azure.Plugins.Diagnostics.dll.MAStatusWriter.UpdateStatusReport(Object sender, ElapsedEventArgs e)
DiagnosticsPlugin.exe Error: 0 : [3/30/2020 8:41:51 AM] Microsoft.Cis.Monitoring.Query.QueryException: ErrorFail
   at Microsoft.Cis.Monitoring.Query.QueryLocalTable..ctor(String TableName, String TablePath)
   at ApplicationInsightsExtension.MATableReader.ReadTableRecords(String tableName, String tablePath, DateTime startTime, DateTime endTime)
   at Microsoft.Azure.Plugins.Diagnostics.dll.MAStatusWriter.UpdateStatusReport(Object sender, ElapsedEventArgs e)
DiagnosticsPlugin.exe Error: 0 : [3/30/2020 8:42:21 AM] Microsoft.Cis.Monitoring.Query.QueryException: ErrorFail
   at Microsoft.Cis.Monitoring.Query.QueryLocalTable..ctor(String TableName, String TablePath)
   at ApplicationInsightsExtension.MATableReader.ReadTableRecords(String tableName, String tablePath, DateTime startTime, DateTime endTime)
   at Microsoft.Azure.Plugins.Diagnostics.dll.MAStatusWriter.UpdateStatusReport(Object sender, ElapsedEventArgs e)
DiagnosticsPlugin.exe Error: 0 : [3/30/2020 8:42:51 AM] Microsoft.Cis.Monitoring.Query.QueryException: ErrorFail
   at Microsoft.Cis.Monitoring.Query.QueryLocalTable..ctor(String TableName, String TablePath)
   at ApplicationInsightsExtension.MATableReader.ReadTableRecords(String tableName, String tablePath, DateTime startTime, DateTime endTime)
   at Microsoft.Azure.Plugins.Diagnostics.dll.MAStatusWriter.UpdateStatusReport(Object sender, ElapsedEventArgs e)
DiagnosticsPlugin.exe Error: 0 : [3/30/2020 8:43:21 AM] Microsoft.Cis.Monitoring.Query.QueryException: ErrorFail
   at Microsoft.Cis.Monitoring.Query.QueryLocalTable..ctor(String TableName, String TablePath)
   at ApplicationInsightsExtension.MATableReader.ReadTableRecords(String tableName, String tablePath, DateTime startTime, DateTime endTime)
   at Microsoft.Azure.Plugins.Diagnostics.dll.MAStatusWriter.UpdateStatusReport(Object sender, ElapsedEventArgs e)
DiagnosticsPlugin.exe Error: 0 : [3/30/2020 8:43:51 AM] Microsoft.Cis.Monitoring.Query.QueryException: ErrorFail
   at Microsoft.Cis.Monitoring.Query.QueryLocalTable..ctor(String TableName, String TablePath)
   at ApplicationInsightsExtension.MATableReader.ReadTableRecords(String tableName, String tablePath, DateTime startTime, DateTime endTime)
   at Microsoft.Azure.Plugins.Diagnostics.dll.MAStatusWriter.UpdateStatusReport(Object sender, ElapsedEventArgs e)
DiagnosticsPlugin.exe Error: 0 : [3/30/2020 8:44:21 AM] Microsoft.Cis.Monitoring.Query.QueryException: ErrorFail
   at Microsoft.Cis.Monitoring.Query.QueryLocalTable..ctor(String TableName, String TablePath)
   at ApplicationInsightsExtension.MATableReader.ReadTableRecords(String tableName, String tablePath, DateTime startTime, DateTime endTime)
   at Microsoft.Azure.Plugins.Diagnostics.dll.MAStatusWriter.UpdateStatusReport(Object sender, ElapsedEventArgs e)
DiagnosticsPlugin.exe Error: 0 : [3/30/2020 8:44:51 AM] Microsoft.Cis.Monitoring.Query.QueryException: ErrorFail
   at Microsoft.Cis.Monitoring.Query.QueryLocalTable..ctor(String TableName, String TablePath)
   at ApplicationInsightsExtension.MATableReader.ReadTableRecords(String tableName, String tablePath, DateTime startTime, DateTime endTime)
   at Microsoft.Azure.Plugins.Diagnostics.dll.MAStatusWriter.UpdateStatusReport(Object sender, ElapsedEventArgs e)
DiagnosticsPlugin.exe Error: 0 : [3/30/2020 8:45:21 AM] Microsoft.Cis.Monitoring.Query.QueryException: ErrorFail
   at Microsoft.Cis.Monitoring.Query.QueryLocalTable..ctor(String TableName, String TablePath)
   at ApplicationInsightsExtension.MATableReader.ReadTableRecords(String tableName, String tablePath, DateTime startTime, DateTime endTime)
   at Microsoft.Azure.Plugins.Diagnostics.dll.MAStatusWriter.UpdateStatusReport(Object sender, ElapsedEventArgs e)
DiagnosticsPlugin.exe Error: 0 : [3/30/2020 8:45:51 AM] Microsoft.Cis.Monitoring.Query.QueryException: ErrorFail
   at Microsoft.Cis.Monitoring.Query.QueryLocalTable..ctor(String TableName, String TablePath)
   at ApplicationInsightsExtension.MATableReader.ReadTableRecords(String tableName, String tablePath, DateTime startTime, DateTime endTime)
   at Microsoft.Azure.Plugins.Diagnostics.dll.MAStatusWriter.UpdateStatusReport(Object sender, ElapsedEventArgs e)
DiagnosticsPlugin.exe Error: 0 : [3/30/2020 8:46:21 AM] Microsoft.Cis.Monitoring.Query.QueryException: ErrorFail
   at Microsoft.Cis.Monitoring.Query.QueryLocalTable..ctor(String TableName, String TablePath)
   at ApplicationInsightsExtension.MATableReader.ReadTableRecords(String tableName, String tablePath, DateTime startTime, DateTime endTime)
   at Microsoft.Azure.Plugins.Diagnostics.dll.MAStatusWriter.UpdateStatusReport(Object sender, ElapsedEventArgs e)
DiagnosticsPlugin.exe Error: 0 : [3/30/2020 8:46:51 AM] Microsoft.Cis.Monitoring.Query.QueryException: ErrorFail
   at Microsoft.Cis.Monitoring.Query.QueryLocalTable..ctor(String TableName, String TablePath)
   at ApplicationInsightsExtension.MATableReader.ReadTableRecords(String tableName, String tablePath, DateTime startTime, DateTime endTime)
   at Microsoft.Azure.Plugins.Diagnostics.dll.MAStatusWriter.UpdateStatusReport(Object sender, ElapsedEventArgs e)
DiagnosticsPlugin.exe Error: 0 : [3/30/2020 8:47:21 AM] Microsoft.Cis.Monitoring.Query.QueryException: ErrorFail
   at Microsoft.Cis.Monitoring.Query.QueryLocalTable..ctor(String TableName, String TablePath)
   at ApplicationInsightsExtension.MATableReader.ReadTableRecords(String tableName, String tablePath, DateTime startTime, DateTime endTime)
   at Microsoft.Azure.Plugins.Diagnostics.dll.MAStatusWriter.UpdateStatusReport(Object sender, ElapsedEventArgs e)
DiagnosticsPlugin.exe Error: 0 : [3/30/2020 8:47:51 AM] Microsoft.Cis.Monitoring.Query.QueryException: ErrorFail
   at Microsoft.Cis.Monitoring.Query.QueryLocalTable..ctor(String TableName, String TablePath)
   at ApplicationInsightsExtension.MATableReader.ReadTableRecords(String tableName, String tablePath, DateTime startTime, DateTime endTime)
   at Microsoft.Azure.Plugins.Diagnostics.dll.MAStatusWriter.UpdateStatusReport(Object sender, ElapsedEventArgs e)
DiagnosticsPlugin.exe Error: 0 : [3/30/2020 8:48:21 AM] Microsoft.Cis.Monitoring.Query.QueryException: ErrorFail
   at Microsoft.Cis.Monitoring.Query.QueryLocalTable..ctor(String TableName, String TablePath)
   at ApplicationInsightsExtension.MATableReader.ReadTableRecords(String tableName, String tablePath, DateTime startTime, DateTime endTime)
   at Microsoft.Azure.Plugins.Diagnostics.dll.MAStatusWriter.UpdateStatusReport(Object sender, ElapsedEventArgs e)
DiagnosticsPlugin.exe Error: 0 : [3/30/2020 8:48:51 AM] Microsoft.Cis.Monitoring.Query.QueryException: ErrorFail
   at Microsoft.Cis.Monitoring.Query.QueryLocalTable..ctor(String TableName, String TablePath)
   at ApplicationInsightsExtension.MATableReader.ReadTableRecords(String tableName, String tablePath, DateTime startTime, DateTime endTime)
   at Microsoft.Azure.Plugins.Diagnostics.dll.MAStatusWriter.UpdateStatusReport(Object sender, ElapsedEventArgs e)
DiagnosticsPlugin.exe Error: 0 : [3/30/2020 8:49:21 AM] Microsoft.Cis.Monitoring.Query.QueryException: ErrorFail
   at Microsoft.Cis.Monitoring.Query.QueryLocalTable..ctor(String TableName, String TablePath)
   at ApplicationInsightsExtension.MATableReader.ReadTableRecords(String tableName, String tablePath, DateTime startTime, DateTime endTime)
   at Microsoft.Azure.Plugins.Diagnostics.dll.MAStatusWriter.UpdateStatusReport(Object sender, ElapsedEventArgs e)
DiagnosticsPlugin.exe Error: 0 : [3/30/2020 8:49:51 AM] Microsoft.Cis.Monitoring.Query.QueryException: ErrorFail
   at Microsoft.Cis.Monitoring.Query.QueryLocalTable..ctor(String TableName, String TablePath)
   at ApplicationInsightsExtension.MATableReader.ReadTableRecords(String tableName, String tablePath, DateTime startTime, DateTime endTime)
   at Microsoft.Azure.Plugins.Diagnostics.dll.MAStatusWriter.UpdateStatusReport(Object sender, ElapsedEventArgs e)
DiagnosticsPlugin.exe Error: 0 : [3/30/2020 8:50:21 AM] Microsoft.Cis.Monitoring.Query.QueryException: ErrorFail
   at Microsoft.Cis.Monitoring.Query.QueryLocalTable..ctor(String TableName, String TablePath)
   at ApplicationInsightsExtension.MATableReader.ReadTableRecords(String tableName, String tablePath, DateTime startTime, DateTime endTime)
   at Microsoft.Azure.Plugins.Diagnostics.dll.MAStatusWriter.UpdateStatusReport(Object sender, ElapsedEventArgs e)
DiagnosticsPlugin.exe Error: 0 : [3/30/2020 8:50:51 AM] Microsoft.Cis.Monitoring.Query.QueryException: ErrorFail
   at Microsoft.Cis.Monitoring.Query.QueryLocalTable..ctor(String TableName, String TablePath)
   at ApplicationInsightsExtension.MATableReader.ReadTableRecords(String tableName, String tablePath, DateTime startTime, DateTime endTime)
   at Microsoft.Azure.Plugins.Diagnostics.dll.MAStatusWriter.UpdateStatusReport(Object sender, ElapsedEventArgs e)
DiagnosticsPlugin.exe Error: 0 : [3/30/2020 8:51:21 AM] Microsoft.Cis.Monitoring.Query.QueryException: ErrorFail
   at Microsoft.Cis.Monitoring.Query.QueryLocalTable..ctor(String TableName, String TablePath)
   at ApplicationInsightsExtension.MATableReader.ReadTableRecords(String tableName, String tablePath, DateTime startTime, DateTime endTime)
   at Microsoft.Azure.Plugins.Diagnostics.dll.MAStatusWriter.UpdateStatusReport(Object sender, ElapsedEventArgs e)
DiagnosticsPlugin.exe Error: 0 : [3/30/2020 8:51:51 AM] Microsoft.Cis.Monitoring.Query.QueryException: ErrorFail
   at Microsoft.Cis.Monitoring.Query.QueryLocalTable..ctor(String TableName, String TablePath)
   at ApplicationInsightsExtension.MATableReader.ReadTableRecords(String tableName, String tablePath, DateTime startTime, DateTime endTime)
   at Microsoft.Azure.Plugins.Diagnostics.dll.MAStatusWriter.UpdateStatusReport(Object sender, ElapsedEventArgs e)
DiagnosticsPlugin.exe Error: 0 : [3/30/2020 8:52:22 AM] Microsoft.Cis.Monitoring.Query.QueryException: ErrorFail
   at Microsoft.Cis.Monitoring.Query.QueryLocalTable..ctor(String TableName, String TablePath)
   at ApplicationInsightsExtension.MATableReader.ReadTableRecords(String tableName, String tablePath, DateTime startTime, DateTime endTime)
   at Microsoft.Azure.Plugins.Diagnostics.dll.MAStatusWriter.UpdateStatusReport(Object sender, ElapsedEventArgs e)
DiagnosticsPlugin.exe Error: 0 : [3/30/2020 8:52:52 AM] Microsoft.Cis.Monitoring.Query.QueryException: ErrorFail
   at Microsoft.Cis.Monitoring.Query.QueryLocalTable..ctor(String TableName, String TablePath)
   at ApplicationInsightsExtension.MATableReader.ReadTableRecords(String tableName, String tablePath, DateTime startTime, DateTime endTime)
   at Microsoft.Azure.Plugins.Diagnostics.dll.MAStatusWriter.UpdateStatusReport(Object sender, ElapsedEventArgs e)
DiagnosticsPlugin.exe Error: 0 : [3/30/2020 8:53:22 AM] Microsoft.Cis.Monitoring.Query.QueryException: ErrorFail
   at Microsoft.Cis.Monitoring.Query.QueryLocalTable..ctor(String TableName, String TablePath)
   at ApplicationInsightsExtension.MATableReader.ReadTableRecords(String tableName, String tablePath, DateTime startTime, DateTime endTime)
   at Microsoft.Azure.Plugins.Diagnostics.dll.MAStatusWriter.UpdateStatusReport(Object sender, ElapsedEventArgs e)
DiagnosticsPlugin.exe Error: 0 : [3/30/2020 8:53:52 AM] Microsoft.Cis.Monitoring.Query.QueryException: ErrorFail
   at Microsoft.Cis.Monitoring.Query.QueryLocalTable..ctor(String TableName, String TablePath)
   at ApplicationInsightsExtension.MATableReader.ReadTableRecords(String tableName, String tablePath, DateTime startTime, DateTime endTime)
   at Microsoft.Azure.Plugins.Diagnostics.dll.MAStatusWriter.UpdateStatusReport(Object sender, ElapsedEventArgs e)
DiagnosticsPlugin.exe Error: 0 : [3/30/2020 8:54:22 AM] Microsoft.Cis.Monitoring.Query.QueryException: ErrorFail
   at Microsoft.Cis.Monitoring.Query.QueryLocalTable..ctor(String TableName, String TablePath)
   at ApplicationInsightsExtension.MATableReader.ReadTableRecords(String tableName, String tablePath, DateTime startTime, DateTime endTime)
   at Microsoft.Azure.Plugins.Diagnostics.dll.MAStatusWriter.UpdateStatusReport(Object sender, ElapsedEventArgs e)
DiagnosticsPlugin.exe Error: 0 : [3/30/2020 8:54:52 AM] Microsoft.Cis.Monitoring.Query.QueryException: ErrorFail
   at Microsoft.Cis.Monitoring.Query.QueryLocalTable..ctor(String TableName, String TablePath)
   at ApplicationInsightsExtension.MATableReader.ReadTableRecords(String tableName, String tablePath, DateTime startTime, DateTime endTime)
   at Microsoft.Azure.Plugins.Diagnostics.dll.MAStatusWriter.UpdateStatusReport(Object sender, ElapsedEventArgs e)
DiagnosticsPlugin.exe Error: 0 : [3/30/2020 8:55:22 AM] Microsoft.Cis.Monitoring.Query.QueryException: ErrorFail
   at Microsoft.Cis.Monitoring.Query.QueryLocalTable..ctor(String TableName, String TablePath)
   at ApplicationInsightsExtension.MATableReader.ReadTableRecords(String tableName, String tablePath, DateTime startTime, DateTime endTime)
   at Microsoft.Azure.Plugins.Diagnostics.dll.MAStatusWriter.UpdateStatusReport(Object sender, ElapsedEventArgs e)
DiagnosticsPlugin.exe Error: 0 : [3/30/2020 8:55:52 AM] Microsoft.Cis.Monitoring.Query.QueryException: ErrorFail
   at Microsoft.Cis.Monitoring.Query.QueryLocalTable..ctor(String TableName, String TablePath)
   at ApplicationInsightsExtension.MATableReader.ReadTableRecords(String tableName, String tablePath, DateTime startTime, DateTime endTime)
   at Microsoft.Azure.Plugins.Diagnostics.dll.MAStatusWriter.UpdateStatusReport(Object sender, ElapsedEventArgs e)
DiagnosticsPlugin.exe Error: 0 : [3/30/2020 8:56:22 AM] Microsoft.Cis.Monitoring.Query.QueryException: ErrorFail
   at Microsoft.Cis.Monitoring.Query.QueryLocalTable..ctor(String TableName, String TablePath)
   at ApplicationInsightsExtension.MATableReader.ReadTableRecords(String tableName, String tablePath, DateTime startTime, DateTime endTime)
   at Microsoft.Azure.Plugins.Diagnostics.dll.MAStatusWriter.UpdateStatusReport(Object sender, ElapsedEventArgs e)
DiagnosticsPlugin.exe Error: 0 : [3/30/2020 8:56:52 AM] Microsoft.Cis.Monitoring.Query.QueryException: ErrorFail
   at Microsoft.Cis.Monitoring.Query.QueryLocalTable..ctor(String TableName, String TablePath)
   at ApplicationInsightsExtension.MATableReader.ReadTableRecords(String tableName, String tablePath, DateTime startTime, DateTime endTime)
   at Microsoft.Azure.Plugins.Diagnostics.dll.MAStatusWriter.UpdateStatusReport(Object sender, ElapsedEventArgs e)
DiagnosticsPlugin.exe Error: 0 : [3/30/2020 8:57:22 AM] Microsoft.Cis.Monitoring.Query.QueryException: ErrorFail
   at Microsoft.Cis.Monitoring.Query.QueryLocalTable..ctor(String TableName, String TablePath)
   at ApplicationInsightsExtension.MATableReader.ReadTableRecords(String tableName, String tablePath, DateTime startTime, DateTime endTime)
   at Microsoft.Azure.Plugins.Diagnostics.dll.MAStatusWriter.UpdateStatusReport(Object sender, ElapsedEventArgs e)
DiagnosticsPlugin.exe Error: 0 : [3/30/2020 8:57:52 AM] Microsoft.Cis.Monitoring.Query.QueryException: ErrorFail
   at Microsoft.Cis.Monitoring.Query.QueryLocalTable..ctor(String TableName, String TablePath)
   at ApplicationInsightsExtension.MATableReader.ReadTableRecords(String tableName, String tablePath, DateTime startTime, DateTime endTime)
   at Microsoft.Azure.Plugins.Diagnostics.dll.MAStatusWriter.UpdateStatusReport(Object sender, ElapsedEventArgs e)
DiagnosticsPlugin.exe Error: 0 : [3/30/2020 8:58:22 AM] Microsoft.Cis.Monitoring.Query.QueryException: ErrorFail
   at Microsoft.Cis.Monitoring.Query.QueryLocalTable..ctor(String TableName, String TablePath)
   at ApplicationInsightsExtension.MATableReader.ReadTableRecords(String tableName, String tablePath, DateTime startTime, DateTime endTime)
   at Microsoft.Azure.Plugins.Diagnostics.dll.MAStatusWriter.UpdateStatusReport(Object sender, ElapsedEventArgs e)
DiagnosticsPlugin.exe Error: 0 : [3/30/2020 8:58:52 AM] Microsoft.Cis.Monitoring.Query.QueryException: ErrorFail
   at Microsoft.Cis.Monitoring.Query.QueryLocalTable..ctor(String TableName, String TablePath)
   at ApplicationInsightsExtension.MATableReader.ReadTableRecords(String tableName, String tablePath, DateTime startTime, DateTime endTime)
   at Microsoft.Azure.Plugins.Diagnostics.dll.MAStatusWriter.UpdateStatusReport(Object sender, ElapsedEventArgs e)
DiagnosticsPlugin.exe Error: 0 : [3/30/2020 8:59:22 AM] Microsoft.Cis.Monitoring.Query.QueryException: ErrorFail
   at Microsoft.Cis.Monitoring.Query.QueryLocalTable..ctor(String TableName, String TablePath)
   at ApplicationInsightsExtension.MATableReader.ReadTableRecords(String tableName, String tablePath, DateTime startTime, DateTime endTime)
   at Microsoft.Azure.Plugins.Diagnostics.dll.MAStatusWriter.UpdateStatusReport(Object sender, ElapsedEventArgs e)
DiagnosticsPlugin.exe Error: 0 : [3/30/2020 8:59:52 AM] Microsoft.Cis.Monitoring.Query.QueryException: ErrorFail
   at Microsoft.Cis.Monitoring.Query.QueryLocalTable..ctor(String TableName, String TablePath)
   at ApplicationInsightsExtension.MATableReader.ReadTableRecords(String tableName, String tablePath, DateTime startTime, DateTime endTime)
   at Microsoft.Azure.Plugins.Diagnostics.dll.MAStatusWriter.UpdateStatusReport(Object sender, ElapsedEventArgs e)
DiagnosticsPlugin.exe Error: 0 : [3/30/2020 9:00:22 AM] Microsoft.Cis.Monitoring.Query.QueryException: ErrorFail
   at Microsoft.Cis.Monitoring.Query.QueryLocalTable..ctor(String TableName, String TablePath)
   at ApplicationInsightsExtension.MATableReader.ReadTableRecords(String tableName, String tablePath, DateTime startTime, DateTime endTime)
   at Microsoft.Azure.Plugins.Diagnostics.dll.MAStatusWriter.UpdateStatusReport(Object sender, ElapsedEventArgs e)
DiagnosticsPlugin.exe Error: 0 : [3/30/2020 9:00:52 AM] Microsoft.Cis.Monitoring.Query.QueryException: ErrorFail
   at Microsoft.Cis.Monitoring.Query.QueryLocalTable..ctor(String TableName, String TablePath)
   at ApplicationInsightsExtension.MATableReader.ReadTableRecords(String tableName, String tablePath, DateTime startTime, DateTime endTime)
   at Microsoft.Azure.Plugins.Diagnostics.dll.MAStatusWriter.UpdateStatusReport(Object sender, ElapsedEventArgs e)
DiagnosticsPlugin.exe Error: 0 : [3/30/2020 9:01:22 AM] Microsoft.Cis.Monitoring.Query.QueryException: ErrorFail
   at Microsoft.Cis.Monitoring.Query.QueryLocalTable..ctor(String TableName, String TablePath)
   at ApplicationInsightsExtension.MATableReader.ReadTableRecords(String tableName, String tablePath, DateTime startTime, DateTime endTime)
   at Microsoft.Azure.Plugins.Diagnostics.dll.MAStatusWriter.UpdateStatusReport(Object sender, ElapsedEventArgs e)
DiagnosticsPlugin.exe Error: 0 : [3/30/2020 9:01:52 AM] Microsoft.Cis.Monitoring.Query.QueryException: ErrorFail
   at Microsoft.Cis.Monitoring.Query.QueryLocalTable..ctor(String TableName, String TablePath)
   at ApplicationInsightsExtension.MATableReader.ReadTableRecords(String tableName, String tablePath, DateTime startTime, DateTime endTime)
   at Microsoft.Azure.Plugins.Diagnostics.dll.MAStatusWriter.UpdateStatusReport(Object sender, ElapsedEventArgs e)
DiagnosticsPlugin.exe Error: 0 : [3/30/2020 9:02:22 AM] Microsoft.Cis.Monitoring.Query.QueryException: ErrorFail
   at Microsoft.Cis.Monitoring.Query.QueryLocalTable..ctor(String TableName, String TablePath)
   at ApplicationInsightsExtension.MATableReader.ReadTableRecords(String tableName, String tablePath, DateTime startTime, DateTime endTime)
   at Microsoft.Azure.Plugins.Diagnostics.dll.MAStatusWriter.UpdateStatusReport(Object sender, ElapsedEventArgs e)
DiagnosticsPlugin.exe Error: 0 : [3/30/2020 9:02:52 AM] Microsoft.Cis.Monitoring.Query.QueryException: ErrorFail
   at Microsoft.Cis.Monitoring.Query.QueryLocalTable..ctor(String TableName, String TablePath)
   at ApplicationInsightsExtension.MATableReader.ReadTableRecords(String tableName, String tablePath, DateTime startTime, DateTime endTime)
   at Microsoft.Azure.Plugins.Diagnostics.dll.MAStatusWriter.UpdateStatusReport(Object sender, ElapsedEventArgs e)
DiagnosticsPlugin.exe Error: 0 : [3/30/2020 9:03:22 AM] Microsoft.Cis.Monitoring.Query.QueryException: ErrorFail
   at Microsoft.Cis.Monitoring.Query.QueryLocalTable..ctor(String TableName, String TablePath)
   at ApplicationInsightsExtension.MATableReader.ReadTableRecords(String tableName, String tablePath, DateTime startTime, DateTime endTime)
   at Microsoft.Azure.Plugins.Diagnostics.dll.MAStatusWriter.UpdateStatusReport(Object sender, ElapsedEventArgs e)
DiagnosticsPlugin.exe Error: 0 : [3/30/2020 9:03:52 AM] Microsoft.Cis.Monitoring.Query.QueryException: ErrorFail
   at Microsoft.Cis.Monitoring.Query.QueryLocalTable..ctor(String TableName, String TablePath)
   at ApplicationInsightsExtension.MATableReader.ReadTableRecords(String tableName, String tablePath, DateTime startTime, DateTime endTime)
   at Microsoft.Azure.Plugins.Diagnostics.dll.MAStatusWriter.UpdateStatusReport(Object sender, ElapsedEventArgs e)
DiagnosticsPlugin.exe Error: 0 : [3/30/2020 9:04:22 AM] Microsoft.Cis.Monitoring.Query.QueryException: ErrorFail
   at Microsoft.Cis.Monitoring.Query.QueryLocalTable..ctor(String TableName, String TablePath)
   at ApplicationInsightsExtension.MATableReader.ReadTableRecords(String tableName, String tablePath, DateTime startTime, DateTime endTime)
   at Microsoft.Azure.Plugins.Diagnostics.dll.MAStatusWriter.UpdateStatusReport(Object sender, ElapsedEventArgs e)
DiagnosticsPlugin.exe Error: 0 : [3/30/2020 9:04:52 AM] Microsoft.Cis.Monitoring.Query.QueryException: ErrorFail
   at Microsoft.Cis.Monitoring.Query.QueryLocalTable..ctor(String TableName, String TablePath)
   at ApplicationInsightsExtension.MATableReader.ReadTableRecords(String tableName, String tablePath, DateTime startTime, DateTime endTime)
   at Microsoft.Azure.Plugins.Diagnostics.dll.MAStatusWriter.UpdateStatusReport(Object sender, ElapsedEventArgs e)
DiagnosticsPlugin.exe Error: 0 : [3/30/2020 9:05:22 AM] Microsoft.Cis.Monitoring.Query.QueryException: ErrorFail
   at Microsoft.Cis.Monitoring.Query.QueryLocalTable..ctor(String TableName, String TablePath)
   at ApplicationInsightsExtension.MATableReader.ReadTableRecords(String tableName, String tablePath, DateTime startTime, DateTime endTime)
   at Microsoft.Azure.Plugins.Diagnostics.dll.MAStatusWriter.UpdateStatusReport(Object sender, ElapsedEventArgs e)
